<?xml version="1.0" encoding="UTF-8"?>
<!-- Generated by org.testng.reporters.JUnitReportReporter -->
<testsuite hostname="DESKTOP-AG4Q1E3" failures="2" tests="33" name="com.walmart.qa.test.Createaccountpage" time="619.635" errors="0" timestamp="03 Feb. 2021 03:37:10 GMT" skipped="0">
  <testcase classname="com.walmart.qa.test.Createaccountpage" name="FNcharactersonly" time="18.905"/>
  <testcase classname="com.walmart.qa.test.Createaccountpage" name="FNshouldnotacceptnumericvalues" time="17.864"/>
  <testcase classname="com.walmart.qa.test.Createaccountpage" name="FNEnterspecialcharactersvalues" time="16.487"/>
  <testcase classname="com.walmart.qa.test.Createaccountpage" name="FNshouldnotacceptalphanumericsvalues" time="17.475"/>
  <testcase classname="com.walmart.qa.test.Createaccountpage" name="Minmumtwocharactersshouldbethere" time="17.697"/>
  <testcase classname="com.walmart.qa.test.Createaccountpage" name="Onlyonecharactervalueshouldnotbeallowed" time="16.195"/>
  <testcase classname="com.walmart.qa.test.Createaccountpage" name="lastnameshouldacceptcharactersonly" time="16.489"/>
  <testcase classname="com.walmart.qa.test.Createaccountpage" name="lastnameshouldnotacceptnumericvalues" time="18.025"/>
  <testcase classname="com.walmart.qa.test.Createaccountpage" name="lastnameshouldnotacceptspecialcharactersvalues" time="17.705"/>
  <testcase classname="com.walmart.qa.test.Createaccountpage" name="lastnameshouldnotacceptalphanumericvalues" time="17.235"/>
  <testcase classname="com.walmart.qa.test.Createaccountpage" name="lastnamemustbeminimumoftwocharacters" time="18.982"/>
  <testcase classname="com.walmart.qa.test.Createaccountpage" name="Onlyonecharactervalueisnotalowed" time="18.316"/>
  <testcase classname="com.walmart.qa.test.Createaccountpage" name="Lastnamecannotbeblank" time="20.092"/>
  <testcase classname="com.walmart.qa.test.Createaccountpage" name="Noerrormessageifleftblank" time="19.782"/>
  <testcase classname="com.walmart.qa.test.Createaccountpage" name="shouldnotallowedmorethan10characters" time="20.004"/>
  <testcase classname="com.walmart.qa.test.Createaccountpage" name="shouldnotacceptcharacters" time="18.719"/>
  <testcase classname="com.walmart.qa.test.Createaccountpage" name="shouldnotacceptalphanumericvalues" time="16.379"/>
  <testcase classname="com.walmart.qa.test.Createaccountpage" name="Emailaddressshouldacceptalphanumericcharacters" time="18.368"/>
  <testcase classname="com.walmart.qa.test.Createaccountpage" name="Emailaddressshouldnotbeblank" time="18.625"/>
  <testcase classname="com.walmart.qa.test.Createaccountpage" name="Emailaddressshouldnotacceptblankspace" time="18.956"/>
  <testcase classname="com.walmart.qa.test.Createaccountpage" name="lengthofpasswordshouldbeminimumof6characters" time="19.194"/>
  <testcase classname="com.walmart.qa.test.Createaccountpage" name="passwordfieldshouldnotbeblank" time="19.527"/>
  <testcase classname="com.walmart.qa.test.Createaccountpage" name="passwordfieldshouldacceptnumbersonly" time="18.199"/>
  <testcase classname="com.walmart.qa.test.Createaccountpage" name="passwordfieldshouldacceptcharacterssonly" time="20.353"/>
  <testcase classname="com.walmart.qa.test.Createaccountpage" name="passwordfieldshouldacceptspecialcharacterssonly" time="18.432"/>
  <testcase classname="com.walmart.qa.test.Createaccountpage" name="passwordfieldshouldacceptcombinationofchanumbersandspecialchar" time="18.808"/>
  <testcase classname="com.walmart.qa.test.Createaccountpage" name="clickonshowbutton" time="20.353"/>
  <testcase classname="com.walmart.qa.test.Createaccountpage" name="combinationofcharactersnumbersandspecialchashouldshowpasswordasstrong" time="20.970"/>
  <testcase classname="com.walmart.qa.test.Createaccountpage" name="combinationofcharactersandnumbersshouldshowasmoderate" time="20.677"/>
  <testcase classname="com.walmart.qa.test.Createaccountpage" name="combinationofcharactersandspeialcharacterssshouldshowasmoderate" time="20.347">
    <failure message="expected [Password Strength: strong] but found [Password Strength: moderate]" type="java.lang.AssertionError">
      <![CDATA[java.lang.AssertionError: expected [Password Strength: strong] but found [Password Strength: moderate]
at org.testng.Assert.fail(Assert.java:96)
at org.testng.Assert.failNotEquals(Assert.java:776)
at org.testng.Assert.assertEqualsImpl(Assert.java:137)
at org.testng.Assert.assertEquals(Assert.java:118)
at org.testng.Assert.assertEquals(Assert.java:453)
at org.testng.Assert.assertEquals(Assert.java:463)
at com.walmart.qa.test.Createaccountpage.combinationofcharactersandspeialcharacterssshouldshowasmoderate(Createaccountpage.java:289)
at java.base/jdk.internal.reflect.NativeMethodAccessorImpl.invoke0(Native Method)
at java.base/jdk.internal.reflect.NativeMethodAccessorImpl.invoke(NativeMethodAccessorImpl.java:64)
at java.base/jdk.internal.reflect.DelegatingMethodAccessorImpl.invoke(DelegatingMethodAccessorImpl.java:43)
at java.base/java.lang.reflect.Method.invoke(Method.java:564)
at org.testng.internal.MethodInvocationHelper.invokeMethod(MethodInvocationHelper.java:124)
at org.testng.internal.Invoker.invokeMethod(Invoker.java:583)
at org.testng.internal.Invoker.invokeTestMethod(Invoker.java:719)
at org.testng.internal.Invoker.invokeTestMethods(Invoker.java:989)
at org.testng.internal.TestMethodWorker.invokeTestMethods(TestMethodWorker.java:125)
at org.testng.internal.TestMethodWorker.run(TestMethodWorker.java:109)
at org.testng.TestRunner.privateRun(TestRunner.java:648)
at org.testng.TestRunner.run(TestRunner.java:505)
at org.testng.SuiteRunner.runTest(SuiteRunner.java:455)
at org.testng.SuiteRunner.runSequentially(SuiteRunner.java:450)
at org.testng.SuiteRunner.privateRun(SuiteRunner.java:415)
at org.testng.SuiteRunner.run(SuiteRunner.java:364)
at org.testng.SuiteRunnerWorker.runSuite(SuiteRunnerWorker.java:52)
at org.testng.SuiteRunnerWorker.run(SuiteRunnerWorker.java:84)
at org.testng.TestNG.runSuitesSequentially(TestNG.java:1208)
at org.testng.TestNG.runSuitesLocally(TestNG.java:1137)
at org.testng.TestNG.runSuites(TestNG.java:1049)
at org.testng.TestNG.run(TestNG.java:1017)
at org.testng.remote.AbstractRemoteTestNG.run(AbstractRemoteTestNG.java:115)
at org.testng.remote.RemoteTestNG.initAndRun(RemoteTestNG.java:251)
at org.testng.remote.RemoteTestNG.main(RemoteTestNG.java:77)
]]>
    </failure>
  </testcase> <!-- combinationofcharactersandspeialcharacterssshouldshowasmoderate -->
  <testcase classname="com.walmart.qa.test.Createaccountpage" name="onlyspecialchashouldweek" time="19.667">
    <failure message="expected [Password Strength: moderate] but found [Password Strength: weak]" type="java.lang.AssertionError">
      <![CDATA[java.lang.AssertionError: expected [Password Strength: moderate] but found [Password Strength: weak]
at org.testng.Assert.fail(Assert.java:96)
at org.testng.Assert.failNotEquals(Assert.java:776)
at org.testng.Assert.assertEqualsImpl(Assert.java:137)
at org.testng.Assert.assertEquals(Assert.java:118)
at org.testng.Assert.assertEquals(Assert.java:453)
at org.testng.Assert.assertEquals(Assert.java:463)
at com.walmart.qa.test.Createaccountpage.onlyspecialchashouldweek(Createaccountpage.java:299)
at java.base/jdk.internal.reflect.NativeMethodAccessorImpl.invoke0(Native Method)
at java.base/jdk.internal.reflect.NativeMethodAccessorImpl.invoke(NativeMethodAccessorImpl.java:64)
at java.base/jdk.internal.reflect.DelegatingMethodAccessorImpl.invoke(DelegatingMethodAccessorImpl.java:43)
at java.base/java.lang.reflect.Method.invoke(Method.java:564)
at org.testng.internal.MethodInvocationHelper.invokeMethod(MethodInvocationHelper.java:124)
at org.testng.internal.Invoker.invokeMethod(Invoker.java:583)
at org.testng.internal.Invoker.invokeTestMethod(Invoker.java:719)
at org.testng.internal.Invoker.invokeTestMethods(Invoker.java:989)
at org.testng.internal.TestMethodWorker.invokeTestMethods(TestMethodWorker.java:125)
at org.testng.internal.TestMethodWorker.run(TestMethodWorker.java:109)
at org.testng.TestRunner.privateRun(TestRunner.java:648)
at org.testng.TestRunner.run(TestRunner.java:505)
at org.testng.SuiteRunner.runTest(SuiteRunner.java:455)
at org.testng.SuiteRunner.runSequentially(SuiteRunner.java:450)
at org.testng.SuiteRunner.privateRun(SuiteRunner.java:415)
at org.testng.SuiteRunner.run(SuiteRunner.java:364)
at org.testng.SuiteRunnerWorker.runSuite(SuiteRunnerWorker.java:52)
at org.testng.SuiteRunnerWorker.run(SuiteRunnerWorker.java:84)
at org.testng.TestNG.runSuitesSequentially(TestNG.java:1208)
at org.testng.TestNG.runSuitesLocally(TestNG.java:1137)
at org.testng.TestNG.runSuites(TestNG.java:1049)
at org.testng.TestNG.run(TestNG.java:1017)
at org.testng.remote.AbstractRemoteTestNG.run(AbstractRemoteTestNG.java:115)
at org.testng.remote.RemoteTestNG.initAndRun(RemoteTestNG.java:251)
at org.testng.remote.RemoteTestNG.main(RemoteTestNG.java:77)
]]>
    </failure>
  </testcase> <!-- onlyspecialchashouldweek -->
  <testcase classname="com.walmart.qa.test.Createaccountpage" name="shouldacceptcasesenstivevalues" time="21.458"/>
  <testcase classname="com.walmart.qa.test.Createaccountpage" name="entervalidinformationtocreateaccount" time="19.350"/>
</testsuite> <!-- com.walmart.qa.test.Createaccountpage -->
